This is pdfTeX, Version 3.1415926-1.40.10 (TeX Live 2009/Debian) (format=pdflatex 2013.10.20)  22 JUN 2014 21:08
entering extended mode
 %&-line parsing enabled.
**notes.tex
(./notes.tex
LaTeX2e <2009/09/24>
Babel <v3.8l> and hyphenation patterns for english, usenglishmax, dumylang, noh
yphenation, loaded.
(/usr/share/texmf-texlive/tex/latex/base/article.cls
Document Class: article 2007/10/19 v1.4h Standard LaTeX document class
(/usr/share/texmf-texlive/tex/latex/base/size12.clo
File: size12.clo 2007/10/19 v1.4h Standard LaTeX file (size option)
)
\c@part=\count79
\c@section=\count80
\c@subsection=\count81
\c@subsubsection=\count82
\c@paragraph=\count83
\c@subparagraph=\count84
\c@figure=\count85
\c@table=\count86
\abovecaptionskip=\skip41
\belowcaptionskip=\skip42
\bibindent=\dimen102
)

LaTeX Warning: Unused global option(s):
    [english].

(./notes.aux)
\openout1 = `notes.aux'.

LaTeX Font Info:    Checking defaults for OML/cmm/m/it on input line 3.
LaTeX Font Info:    ... okay on input line 3.
LaTeX Font Info:    Checking defaults for T1/cmr/m/n on input line 3.
LaTeX Font Info:    ... okay on input line 3.
LaTeX Font Info:    Checking defaults for OT1/cmr/m/n on input line 3.
LaTeX Font Info:    ... okay on input line 3.
LaTeX Font Info:    Checking defaults for OMS/cmsy/m/n on input line 3.
LaTeX Font Info:    ... okay on input line 3.
LaTeX Font Info:    Checking defaults for OMX/cmex/m/n on input line 3.
LaTeX Font Info:    ... okay on input line 3.
LaTeX Font Info:    Checking defaults for U/cmr/m/n on input line 3.
LaTeX Font Info:    ... okay on input line 3.
LaTeX Font Info:    Try loading font information for OMS+cmr on input line 7.
 (/usr/share/texmf-texlive/tex/latex/base/omscmr.fd
File: omscmr.fd 1999/05/25 v2.5h Standard LaTeX font definitions
)
LaTeX Font Info:    Font shape `OMS/cmr/m/n' in size <12> not available
(Font)              Font shape `OMS/cmsy/m/n' tried instead on input line 7.

Overfull \hbox (66.32599pt too wide) in paragraph at lines 15--16
[]\OT1/cmr/m/n/12 Stable pro-gram-ming in-ter-face for dis-tributed ap-pli-ca-t
ions/frameworks/tool
 []

LaTeX Font Info:    External font `cmex10' loaded for size
(Font)              <12> on input line 19.
LaTeX Font Info:    External font `cmex10' loaded for size
(Font)              <8> on input line 19.
LaTeX Font Info:    External font `cmex10' loaded for size
(Font)              <6> on input line 19.
[1

{/var/lib/texmf/fonts/map/pdftex/updmap/pdftex.map}] [2]
! Undefined control sequence.
l.69 				\adjustbox
                   {valing=t}{
? 
! Undefined control sequence.
l.70 					\includegraphics
                          [width=.8\linewidth]{img/clientServer.jpg}
? 
! Missing number, treated as zero.
<to be read again> 
                   ]
l.70 					\includegraphics[width=.8\linewidth]
                                              {img/clientServer.jpg}
? 
! Illegal unit of measure (pt inserted).
<to be read again> 
                   ]
l.70 					\includegraphics[width=.8\linewidth]
                                              {img/clientServer.jpg}
? 
[3] [4]
Overfull \hbox (47.47157pt too wide) in paragraph at lines 128--129
[]\OT1/cmr/bx/n/12 condition.notify() \OT1/cmr/m/n/12 wakes up one pro-cess, an
d \OT1/cmr/bx/n/12 con-di-tion.notifyAll()
 []

[5] [6] (./notes.aux) ) 
Here is how much of TeX's memory you used:
 250 strings out of 495061
 2740 string characters out of 1182620
 51344 words of memory out of 3000000
 3499 multiletter control sequences out of 15000+50000
 7636 words of font info for 27 fonts, out of 3000000 for 9000
 28 hyphenation exceptions out of 8191
 22i,4n,19p,282b,227s stack positions out of 5000i,500n,10000p,200000b,50000s
</usr/share/texmf-texlive/fonts/type1/public/amsfonts/cm
/cmbx12.pfb></usr/share/texmf-texlive/fonts/type1/public/amsfonts/cm/cmr12.pfb>
</usr/share/texmf-texlive/fonts/type1/public/amsfonts/cm/cmsy10.pfb></usr/share
/texmf-texlive/fonts/type1/public/amsfonts/cm/cmti12.pfb>
Output written on notes.pdf (6 pages, 72121 bytes).
PDF statistics:
 37 PDF objects out of 1000 (max. 8388607)
 0 named destinations out of 1000 (max. 500000)
 1 words of extra memory for PDF output out of 10000 (max. 10000000)

